2026-02-22 20:54:34,153 - model_building - DEBUG - Parameters retrieved from params.yaml
2026-02-22 20:54:34,153 - model_building - ERROR - Failed to complete the model building process: 'model_building'
2026-02-22 20:56:07,796 - model_building - DEBUG - Parameters retrieved from params.yaml
2026-02-22 20:56:07,812 - model_building - DEBUG - Data loaded from ./data/processed/train_tfidf.csv with shape (4152, 51)
2026-02-22 20:56:07,814 - model_building - DEBUG - Initializing RandomForest model with parameters: {'n_estimators': 100, 'random_state': 42}
2026-02-22 20:56:07,814 - model_building - DEBUG - Model training started with 4152 samples
2026-02-22 20:56:08,303 - model_building - DEBUG - Model training completed
2026-02-22 20:56:08,312 - model_building - DEBUG - Model saved to models/model.pkl
2026-02-23 08:56:46,323 - model_building - DEBUG - Parameters retrieved from params.yaml
2026-02-23 08:56:46,345 - model_building - DEBUG - Data loaded from ./data/processed/train_tfidf.csv with shape (4152, 51)
2026-02-23 08:56:46,349 - model_building - DEBUG - Initializing RandomForest model with parameters: {'n_estimators': 100, 'random_state': 42}
2026-02-23 08:56:46,349 - model_building - DEBUG - Model training started with 4152 samples
2026-02-23 08:56:46,786 - model_building - DEBUG - Model training completed
2026-02-23 08:56:46,803 - model_building - DEBUG - Model saved to models/model.pkl
2026-02-23 09:04:53,157 - model_building - DEBUG - Parameters retrieved from params.yaml
2026-02-23 09:04:53,173 - model_building - DEBUG - Data loaded from ./data/processed/train_tfidf.csv with shape (4152, 51)
2026-02-23 09:04:53,176 - model_building - DEBUG - Initializing RandomForest model with parameters: {'n_estimators': 100, 'random_state': 42}
2026-02-23 09:04:53,176 - model_building - DEBUG - Model training started with 4152 samples
2026-02-23 09:04:53,602 - model_building - DEBUG - Model training completed
2026-02-23 09:04:53,615 - model_building - DEBUG - Model saved to models/model.pkl
